<?xml version="1.0" encoding="UTF-8"?>
<!-- Generated by org.testng.reporters.JUnitXMLReporter -->
<testsuite ignored="0" hostname="DESKTOP-8IFN1D6" failures="1" tests="1" name="ValidateTitle Test" time="0.015" errors="0" timestamp="2021-01-03T14:21:47 IST">
  <testcase classname="regressionTest.TestCAse2" name="validateTitles" time="0.015">
    <failure type="java.lang.AssertionError" message="The following asserts failed:
	expected [Yahoo.com] but found [Gmail.com],
	Image not found expected [true] but found [false],
	Textbox not found expected [true] but found [false]">
      <![CDATA[java.lang.AssertionError: The following asserts failed:
expected [Yahoo.com] but found [Gmail.com],
Image not found expected [true] but found [false],
Textbox not found expected [true] but found [false]
at regressionTest.TestCAse2.validateTitles(TestCAse2.java:27)
at java.base/java.util.ArrayList.forEach(ArrayList.java:1507)
... Removed 29 stack frames]]>
    </failure>
  </testcase> <!-- validateTitles -->
</testsuite> <!-- ValidateTitle Test -->
