<?xml version="1.0" encoding="UTF-8"?>
<!-- Generated by org.testng.reporters.JUnitXMLReporter -->
<testsuite ignored="0" hostname="DESKTOP-8IFN1D6" failures="1" tests="1" name="LogInTest" time="1.539" errors="0" timestamp="2020-08-07T18:33:08 IST">
  <testcase classname="com.w2a.testcases.LoginTest" name="loginTest" time="0.037">
    <failure type="java.lang.IllegalArgumentException" message="Cannot find elements when the selector is null">
      <![CDATA[java.lang.IllegalArgumentException: Cannot find elements when the selector is null
at org.openqa.selenium.By$ByCssSelector.<init>(By.java:422)
at org.openqa.selenium.By.cssSelector(By.java:116)
at com.w2a.base.Page.click(Page.java:158)
at com.w2a.pages.HomePage.goToLogin(HomePage.java:22)
at com.w2a.testcases.LoginTest.loginTest(LoginTest.java:18)
at java.base/java.util.ArrayList.forEach(ArrayList.java:1507)
... Removed 27 stack frames]]>
    </failure>
  </testcase> <!-- loginTest -->
</testsuite> <!-- LogInTest -->
